make all --print-data-base --no-builtin-variables --no-builtin-rules --question
# GNU Make 3.81
# Copyright (C) 2006  Free Software Foundation, Inc.
# This is free software; see the source for copying conditions.
# There is NO warranty; not even for MERCHANTABILITY or FITNESS FOR A
# PARTICULAR PURPOSE.

# This program built for i386-apple-darwin11.3.0
 

# Make data base, printed on Tue Jun  7 16:39:51 2022

# Variables

# automatic
 
<D = $(patsubst %/,%,$(dir $<))
# automatic
?F = $(notdir $?)
# environment
VSCODE_LOG_NATIVE = false
# automatic
?D = $(patsubst %/,%,$(dir $?))
# makefile (from `Makefile', line 33)
INCLUDES := includes/ philo/includes/ philo_bonus/includes/
# automatic
@D = $(patsubst %/,%,$(dir $@))
# automatic
@F = $(notdir $@)
# makefile
CURDIR := /Users/aramirez/Documents/GitHub/Cursus/philosophers
# makefile
SHELL = /bin/sh
# makefile (from `Makefile', line 44)
RM := rm -f
# environment
VSCODE_NLS_CONFIG = {"locale":"en-us","availableLanguages":{},"_languagePackSupport":true}
# environment
_ = /usr/bin/make
# makefile (from `Makefile', line 1)
CFLAGS := -Wall -Wextra -Werror -pthread -g
# makefile (from `Makefile', line 1)
MAKEFILE_LIST :=  Makefile
# makefile (from `Makefile', line 4)
SRCS = main.c thread.c init.c args.c utils.c die.c eat.c forks.c sleep.c
# environment
VSCODE_VERBOSE_LOGGING = true
# makefile (from `Makefile', line 36)
OBJS = $(addprefix $(OBJS_DIR)/, $(SRCS:.c=.o))
# environment
VSCODE_IPC_HOOK_EXTHOST = /var/folders/zz/zyxvpxvq6csfxvn_n000cbfc0032vl/T/vscode-ipc-fbe3c307-d73b-424c-89bc-f518e7ebaff3.sock
# environment
VSCODE_CWD = /
# environment
PATH = /Users/aramirez/.brew/bin:/Users/aramirez/.brew/bin:/usr/local/bin:/usr/bin:/bin:/usr/sbin:/sbin:/usr/local/munki
# makefile (from `Makefile', line 37)
OBJS_B = $(addprefix $(OBJS_DIR)/, $(SRCS_B:.c=.o))
# environment
VSCODE_LOG_STACK = false
# environment
ELECTRON_RUN_AS_NODE = 1
# default
.FEATURES := target-specific order-only second-expansion else-if archives jobserver check-symlink
# environment
SSH_AUTH_SOCK = /private/tmp/com.apple.launchd.7sjrMxKemI/Listeners
# automatic
%F = $(notdir $%)
# environment
HOMEBREW_TEMP = /tmp/aramirez/Homebrew/Temp
# environment
VSCODE_PIPE_LOGGING = true
# environment
PWD = /Users/aramirez/Documents/GitHub/Cursus/philosophers
# environment
ORIGINAL_XDG_CURRENT_DESKTOP = undefined
# environment
VSCODE_AMD_ENTRYPOINT = vs/workbench/services/extensions/node/extensionHostProcess
# environment
HOME = /Users/aramirez
# default
MAKEFILEPATH := /Applications/Xcode.app/Contents/Developer/Makefiles
# environment
VSCODE_CODE_CACHE_PATH = /Users/aramirez/Library/Application Support/Code/CachedData/5554b12acf27056905806867f251c859323ff7e9
# environment
LOGNAME = aramirez
# environment
APPLICATION_INSIGHTS_NO_DIAGNOSTIC_CHANNEL = 1
# makefile (from `Makefile', line 28)
HEADERS_M = philo/includes/philo.h
# makefile (from `Makefile', line 27)
HEADERS = includes/colors.h
# environment
VSCODE_HANDLES_UNCAUGHT_ERRORS = true
# automatic
^D = $(patsubst %/,%,$(dir $^))
# environment
XPC_FLAGS = 0x0
# default
MAKE = $(MAKE_COMMAND)
# default
MAKECMDGOALS := all
# environment
HOMEBREW_CACHE = /tmp/aramirez/Homebrew/Caches
# environment
SHLVL = 1
# makefile (from `Makefile', line 2)
CC := gcc
# default
MAKE_VERSION := 3.81
# environment
USER = aramirez
# makefile
.DEFAULT_GOAL := all
# makefile (from `Makefile', line 40)
NAME := philo
# automatic
%D = $(patsubst %/,%,$(dir $%))
# default
MAKE_COMMAND := /Applications/Xcode.app/Contents/Developer/usr/bin/make
# makefile (from `Makefile', line 34)
INC = $(addprefix -I , $(INCLUDES))
# default
.VARIABLES := 
# environment
TMPDIR = /var/folders/zz/zyxvpxvq6csfxvn_n000cbfc0032vl/T/
# automatic
*F = $(notdir $*)
# environment
VSCODE_IPC_HOOK = /Users/aramirez/Library/Application Support/Code/1.64.0-main.sock
# makefile
MAKEFLAGS = Rrqp
# environment
MFLAGS = -Rrqp
# automatic
*D = $(patsubst %/,%,$(dir $*))
# environment
MAIL = aramirez@student.42barcelona.com
# environment
XPC_SERVICE_NAME = com.microsoft.VSCode.3220
# makefile (from `Makefile', line 31)
OBJS_DIR := obj
# automatic
+D = $(patsubst %/,%,$(dir $+))
# automatic
+F = $(notdir $+)
# environment
__CF_USER_TEXT_ENCODING = 0x18B73:0x0:0x8
# default
MAKEFILES := 
# automatic
<F = $(notdir $<)
# environment
LC_ALL = C
# makefile (from `Makefile', line 29)
HEADERS_B = philo_bonus/includes/philo_bonus.h
# automatic
^F = $(notdir $^)
# default
SUFFIXES := 
# makefile (from `Makefile', line 14)
SRCS_B = main_bonus.c process_bonus.c threads_bonus.c args_bonus.c init_bonus.c utils_bonus.c die_bonus.c eat_bonus.c fork_bonus.c sleep_bonus.c exit_bonus.c semaphores_bonus.c 
# default
.INCLUDE_DIRS = /usr/local/include
# environment
MAKELEVEL := 0
# makefile (from `Makefile', line 38)
OBJS_M = $(addprefix $(OBJS_DIR)/, $(SRCS_M:.c=.o))
# environment
LANG = C
# environment
VSCODE_PID = 78169
# makefile (from `Makefile', line 42)
NAME_B := philo_bonus
# variable set hash-table stats:
# Load=79/1024=8%, Rehash=0, Collisions=5/129=4%

# Pattern-specific Variable Values

# No pattern-specific variable values.

# Directories

# philo/src/jobs (device 16777228, inode 2753614): No files, no impossibilities so far.
# philo_bonus/src (device 16777228, inode 2753647): No files, no impossibilities so far.
# . (device 16777228, inode 2753164): 18 files, no impossibilities.
# philo_bonus/src/actions (device 16777228, inode 2753648): No files, no impossibilities so far.
# philo/src (device 16777228, inode 2753608): 5 files, no impossibilities so far.
# philo_bonus/includes (device 16777228, inode 2753622): 3 files, no impossibilities.
# philo/src/actions (device 16777228, inode 2753609): No files, no impossibilities so far.
# philo_bonus (device 16777228, inode 2753621): No files, no impossibilities so far.
# includes (device 16777228, inode 2753572): 3 files, no impossibilities.
# philo (device 16777228, inode 2753582): 5 files, no impossibilities.
# philo_bonus/src/utils (device 16777228, inode 2753656): 7 files, no impossibilities.
# philo/includes (device 16777228, inode 2753583): 3 files, no impossibilities.
# philo/src/utils (device 16777228, inode 2753617): No files, no impossibilities so far.
 
# philo_bonus/src/jobs (device 16777228, inode 2753653): No files, no impossibilities so far.

# 44 files, no impossibilities in 14 directories.

# Implicit Rules

obj/%.o: %.c | $(@D)
#  commands to execute (from `Makefile', line 55):
	@$(CC) $(CFLAGS) $(INC) -c $< -o $@
	

# 1 implicit rules, 0 (0.0%) terminal.

# Files

start_bonus: philo_bonus
#  Phony target (prerequisite of .PHONY).
#  Implicit rule search has not been done.
#  File does not exist.
#  File has not been updated.
#  commands to execute (from `Makefile', line 75):
	@./philo_bonus/philo_bonus 1 800 200 200
	

# Not a target:
obj/args.o:
#  Implicit rule search has not been done.
#  Modification time never checked.
#  File has not been updated.

all: philo
#  Phony target (prerequisite of .PHONY).
#  Command-line target.
#  Implicit rule search has not been done.
#  File does not exist.
#  File has been updated.
#  Needs to be updated (-q is set).
# variable set hash-table stats:
# Load=0/32=0%, Rehash=0, Collisions=0/7=0%

philo: obj/main.o obj/thread.o obj/init.o obj/args.o obj/utils.o obj/die.o obj/eat.o obj/forks.o obj/sleep.o includes/colors.h philo/includes/philo.h
#  Implicit rule search has not been done.
#  Last modified 2022-06-07 13:31:01
#  File has been updated.
#  Needs to be updated (-q is set).
# variable set hash-table stats:
# Load=0/32=0%, Rehash=0, Collisions=0/7=0%
#  commands to execute (from `Makefile', line 58):
	@$(CC) $(CFLAGS) $(INC) $(OBJS) -o ./philo/$(NAME)
	@echo "\x1b[32m$(NAME) compiled!\x1b[0m"
	

# Not a target:
philo/includes/philo.h:
#  Implicit rule search has not been done.
#  Modification time never checked.
#  File has not been updated.

.PHONY: all clean fclean re bonus norminette start start_bonus
#  Implicit rule search has not been done.
#  Modification time never checked.
#  File has not been updated.

# Not a target:
obj/die_bonus.o:
#  Implicit rule search has not been done.
#  Modification time never checked.
#  File has not been updated.

obj/main.o: philo/src/main.c | obj
#  Implicit rule search has been done.
#  Implicit/static pattern stem: `main'
#  Last modified 2022-06-07 13:31:01
#  File has been updated.
#  Needs to be updated (-q is set).
# automatic
# @ := obj/main.o
# automatic
# % := 
# automatic
# * := main
# automatic
# + := philo/src/main.c
# automatic
# | := obj
# automatic
# < := philo/src/main.c
# automatic
# ^ := philo/src/main.c
# automatic
# ? := philo/src/main.c
# variable set hash-table stats:
# Load=8/32=25%, Rehash=0, Collisions=2/27=7%
#  commands to execute (from `Makefile', line 55):
	@$(CC) $(CFLAGS) $(INC) -c $< -o $@
	

# Not a target:
.SUFFIXES:
#  Implicit rule search has not been done.
#  Modification time never checked.
#  File has not been updated.

# Not a target:
obj/sleep_bonus.o:
#  Implicit rule search has not been done.
#  Modification time never checked.
#  File has not been updated.

# Not a target:
includes/colors.h:
#  Implicit rule search has not been done.
#  Modification time never checked.
#  File has not been updated.

# Not a target:
Makefile:
#  Implicit rule search has been done.
#  Last modified 2022-06-07 16:39:19
#  File has been updated.
#  Successfully updated.
# variable set hash-table stats:
# Load=0/32=0%, Rehash=0, Collisions=0/0=0%

start: philo
#  Phony target (prerequisite of .PHONY).
#  Implicit rule search has not been done.
#  File does not exist.
#  File has not been updated.
#  commands to execute (from `Makefile', line 70):
	@./philo/philo 5 800 200 200 7
	

# Not a target:
obj/semaphores_bonus.o:
#  Implicit rule search has not been done.
#  Modification time never checked.
#  File has not been updated.

# Not a target:
obj/process_bonus.o:
#  Implicit rule search has not been done.
#  Modification time never checked.
#  File has not been updated.

# Not a target:
obj/init_bonus.o:
#  Implicit rule search has not been done.
#  Modification time never checked.
#  File has not been updated.

# Not a target:
obj/eat_bonus.o:
#  Implicit rule search has not been done.
#  Modification time never checked.
#  File has not been updated.

# Not a target:
obj/threads_bonus.o:
#  Implicit rule search has not been done.
#  Modification time never checked.
#  File has not been updated.

bonus: philo_bonus
#  Phony target (prerequisite of .PHONY).
#  Implicit rule search has not been done.
#  File does not exist.
#  File has not been updated.

fclean: clean
#  Phony target (prerequisite of .PHONY).
#  Implicit rule search has not been done.
#  File does not exist.
#  File has not been updated.
#  commands to execute (from `Makefile', line 96):
	@$(RM) philo/$(NAME)
	@$(RM) philo_bonus/$(NAME_B)
	

norminette:
#  Phony target (prerequisite of .PHONY).
#  Implicit rule search has not been done.
#  File does not exist.
#  File has not been updated.
#  commands to execute (from `Makefile', line 85):
	@echo "\x1b[33mMANDATORY":
	@norminette philo |  sh ./tests/norminette.sh
	@echo "\x1b[33mBONUS":
	@norminette philo_bonus | sh ./tests/norminette.sh
	

.SECONDEXPANSION:
#  Implicit rule search has not been done.
#  Modification time never checked.
#  File has not been updated.

leaks: philo
#  Implicit rule search has not been done.
#  Modification time never checked.
#  File has not been updated.
#  commands to execute (from `Makefile', line 82):
	@leaks -atExit -- ./philo/$(NAME) 2 800 900 900
	

obj:
#  Implicit rule search has not been done.
#  Last modified 2022-06-07 16:37:44
#  File has been updated.
#  Successfully updated.
#  commands to execute (from `Makefile', line 102):
	@mkdir -p $(OBJS_DIR)
	

# Not a target:
obj/sleep.o:
#  Implicit rule search has not been done.
#  Modification time never checked.
#  File has not been updated.

# Not a target:
obj/die.o:
#  Implicit rule search has not been done.
#  Modification time never checked.
#  File has not been updated.

# Not a target:
philo_bonus/includes/philo_bonus.h:
#  Implicit rule search has not been done.
#  Modification time never checked.
#  File has not been updated.

# Not a target:
.DEFAULT:
#  Implicit rule search has not been done.
#  Modification time never checked.
#  File has not been updated.

# Not a target:
obj/exit_bonus.o:
#  Implicit rule search has not been done.
#  Modification time never checked.
#  File has not been updated.

# Not a target:
obj/fork_bonus.o:
#  Implicit rule search has not been done.
#  Modification time never checked.
#  File has not been updated.

re: fclean all
#  Phony target (prerequisite of .PHONY).
#  Implicit rule search has not been done.
#  File does not exist.
#  File has not been updated.

clean:
#  Phony target (prerequisite of .PHONY).
#  Implicit rule search has not been done.
#  File does not exist.
#  File has not been updated.
#  commands to execute (from `Makefile', line 91):
	@$(RM) $(OBJS)
	@$(RM) $(OBJS_B)
	@echo "\x1b[32mcleaned!\x1b[0m"
	

# Not a target:
obj/init.o:
#  Implicit rule search has not been done.
#  Modification time never checked.
#  File has not been updated.

# Not a target:
obj/eat.o:
#  Implicit rule search has not been done.
#  Modification time never checked.
#  File has not been updated.

# Not a target:
obj/forks.o:
#  Implicit rule search has not been done.
#  Modification time never checked.
#  File has not been updated.

# Not a target:
obj/args_bonus.o:
#  Implicit rule search has not been done.
#  Modification time never checked.
#  File has not been updated.

# Not a target:
obj/utils.o:
#  Implicit rule search has not been done.
#  Modification time never checked.
#  File has not been updated.

# Not a target:
obj/utils_bonus.o:
#  Implicit rule search has not been done.
#  Modification time never checked.
#  File has not been updated.

philo_bonus: obj/main_bonus.o obj/process_bonus.o obj/threads_bonus.o obj/args_bonus.o obj/init_bonus.o obj/utils_bonus.o obj/die_bonus.o obj/eat_bonus.o obj/fork_bonus.o obj/sleep_bonus.o obj/exit_bonus.o obj/semaphores_bonus.o includes/colors.h philo_bonus/includes/philo_bonus.h
#  Implicit rule search has not been done.
#  Modification time never checked.
#  File has not been updated.
#  commands to execute (from `Makefile', line 64):
 
	@$(CC) $(CFLAGS) $(INC) $(OBJS_B) -o ./philo_bonus/$(NAME_B)
	@echo "\x1b[32m$(NAME_B) compiled!\x1b[0m"
	

# Not a target:
philo/src/main.c:
#  Implicit rule search has been done.
#  Last modified 2022-06-07 15:34:28
#  File has been updated.
#  Successfully updated.
# variable set hash-table stats:
# Load=0/32=0%, Rehash=0, Collisions=0/0=0%

# Not a target:
obj/thread.o:
#  Implicit rule search has not been done.
#  Modification time never checked.
#  File has not been updated.

# Not a target:
obj/main_bonus.o:
#  Implicit rule search has not been done.
#  Modification time never checked.
#  File has not been updated.

# files hash-table stats:
# Load=42/1024=4%, Rehash=0, Collisions=8/109=7%
# VPATH Search Paths

vpath %.c philo:philo/src:philo/src/actions:philo/src/jobs:philo/src/utils
vpath %.c philo_bonus:philo_bonus/src:philo_bonus/src/actions:philo_bonus/src/jobs:philo_bonus/src/utils
vpath %.h includes:philo/includes:philo_bonus/includes

# 3 `vpath' search paths.

# No general (`VPATH' variable) search path.

# # of strings in strcache: 1
# # of strcache buffers: 1
# strcache size: total = 4096 / max = 4096 / min = 4096 / avg = 4096
# strcache free: total = 4087 / max = 4087 / min = 4087 / avg = 4087

# Finished Make data base on Tue Jun  7 16:39:51 2022

 
